[debug] [2022-12-07T02:59:13.908Z] ----------------------------------------------------------------------
[debug] [2022-12-07T02:59:13.912Z] Command:       C:\Program Files\nodejs\node.exe C:\Users\Ømega\AppData\Roaming\npm\node_modules\firebase-tools\lib\bin\firebase.js serve
[debug] [2022-12-07T02:59:13.912Z] CLI Version:   11.16.1
[debug] [2022-12-07T02:59:13.913Z] Platform:      win32
[debug] [2022-12-07T02:59:13.913Z] Node Version:  v16.16.0
[debug] [2022-12-07T02:59:13.914Z] Time:          Tue Dec 06 2022 20:59:13 GMT-0600 (hora estándar central)
[debug] [2022-12-07T02:59:13.915Z] ----------------------------------------------------------------------
[debug] 
[debug] [2022-12-07T02:59:14.056Z] > command requires scopes: ["email","openid","https://www.googleapis.com/auth/cloudplatformprojects.readonly","https://www.googleapis.com/auth/firebase","https://www.googleapis.com/auth/cloud-platform"]
[debug] [2022-12-07T02:59:14.057Z] > authorizing via signed-in user (labandadellol@gmail.com)
[debug] [2022-12-07T02:59:14.057Z] [iam] checking project agora-592b0 for permissions ["firebase.projects.get"]
[debug] [2022-12-07T02:59:14.060Z] >>> [apiv2][query] POST https://cloudresourcemanager.googleapis.com/v1/projects/agora-592b0:testIamPermissions [none]
[debug] [2022-12-07T02:59:14.060Z] >>> [apiv2][(partial)header] POST https://cloudresourcemanager.googleapis.com/v1/projects/agora-592b0:testIamPermissions x-goog-quota-user=projects/agora-592b0
[debug] [2022-12-07T02:59:14.060Z] >>> [apiv2][body] POST https://cloudresourcemanager.googleapis.com/v1/projects/agora-592b0:testIamPermissions {"permissions":["firebase.projects.get"]}
[debug] [2022-12-07T02:59:14.380Z] <<< [apiv2][status] POST https://cloudresourcemanager.googleapis.com/v1/projects/agora-592b0:testIamPermissions 200
[debug] [2022-12-07T02:59:14.380Z] <<< [apiv2][body] POST https://cloudresourcemanager.googleapis.com/v1/projects/agora-592b0:testIamPermissions {"permissions":["firebase.projects.get"]}
[debug] [2022-12-07T02:59:14.382Z] >>> [apiv2][query] GET https://firebase.googleapis.com/v1beta1/projects/agora-592b0 [none]
[debug] [2022-12-07T02:59:14.643Z] <<< [apiv2][status] GET https://firebase.googleapis.com/v1beta1/projects/agora-592b0 200
[debug] [2022-12-07T02:59:14.644Z] <<< [apiv2][body] GET https://firebase.googleapis.com/v1beta1/projects/agora-592b0 {"projectId":"agora-592b0","projectNumber":"71096488029","displayName":"agora","name":"projects/agora-592b0","resources":{"hostingSite":"agora-592b0","storageBucket":"agora-592b0.appspot.com","locationId":"us-central"},"state":"ACTIVE","etag":"1_91157acd-ec16-4b3b-a37f-26cdbb4eed87"}
[info] 
[info] === Serving from 'C:\Users\Ømega\Desktop\agora-project'...
[info] 
[info] +  functions: Using node@16 from host. {"metadata":{"emulator":{"name":"functions"},"message":"Using node@16 from host."}}
[debug] [2022-12-07T02:59:14.678Z] defaultcredentials: writing to file C:\Users\Ømega\AppData\Roaming\firebase\labandadellol_gmail_com_application_default_credentials.json
[debug] [2022-12-07T02:59:14.681Z] Setting GAC to C:\Users\Ømega\AppData\Roaming\firebase\labandadellol_gmail_com_application_default_credentials.json {"metadata":{"emulator":{"name":"functions"},"message":"Setting GAC to C:\\Users\\Ømega\\AppData\\Roaming\\firebase\\labandadellol_gmail_com_application_default_credentials.json"}}
[debug] [2022-12-07T02:59:14.682Z] >>> [apiv2][query] GET https://firebase.googleapis.com/v1beta1/projects/agora-592b0/adminSdkConfig [none]
[debug] [2022-12-07T02:59:14.876Z] <<< [apiv2][status] GET https://firebase.googleapis.com/v1beta1/projects/agora-592b0/adminSdkConfig 200
[debug] [2022-12-07T02:59:14.876Z] <<< [apiv2][body] GET https://firebase.googleapis.com/v1beta1/projects/agora-592b0/adminSdkConfig {"projectId":"agora-592b0","storageBucket":"agora-592b0.appspot.com","locationId":"us-central"}
[info] i  functions: Watching "C:\Users\Ømega\Desktop\agora-project\functions" for Cloud Functions... {"metadata":{"emulator":{"name":"functions"},"message":"Watching \"C:\\Users\\Ømega\\Desktop\\agora-project\\functions\" for Cloud Functions..."}}
[debug] [2022-12-07T02:59:14.904Z] Validating nodejs source
[warn] !  functions: package.json indicates an outdated version of firebase-functions. Please upgrade using npm install --save firebase-functions@latest in your functions directory. 
[warn] !  functions: Please note that there will be breaking changes when you upgrade. 
[debug] [2022-12-07T02:59:19.831Z] > [functions] package.json contents: {
  "name": "functions",
  "description": "Cloud Functions for Firebase",
  "scripts": {
    "serve": "firebase emulators:start --only functions",
    "shell": "firebase functions:shell",
    "start": "npm run shell",
    "deploy": "firebase deploy --only functions",
    "logs": "firebase functions:log"
  },
  "engines": {
    "node": "16"
  },
  "main": "index.js",
  "dependencies": {
    "firebase-admin": "^10.0.2",
    "firebase-functions": "^3.18.0"
  },
  "devDependencies": {
    "firebase-functions-test": "^0.2.0"
  },
  "private": true
}
[debug] [2022-12-07T02:59:19.832Z] Building nodejs source
[debug] [2022-12-07T02:59:19.832Z] Analyzing nodejs backend spec
[debug] [2022-12-07T02:59:19.835Z] Could not find functions.yaml. Must use http discovery
[debug] [2022-12-07T02:59:20.203Z] Serving at port 9005

[debug] [2022-12-07T02:59:20.326Z] Got response from /__/functions.yaml {"endpoints":{},"specVersion":"v1alpha1","requiredAPIs":[]}
[debug] [2022-12-07T02:59:20.335Z] shutdown requested via /__/quitquitquit

[info] +  functions: Loaded functions definitions from source: . {"metadata":{"emulator":{"name":"functions"},"message":"Loaded functions definitions from source: ."}}
[debug] [2022-12-07T03:00:35.927Z] File C:\Users\Ømega\Desktop\agora-project\functions\index.js changed, reloading triggers {"metadata":{"emulator":{"name":"functions"},"message":"File C:\\Users\\Ømega\\Desktop\\agora-project\\functions\\index.js changed, reloading triggers"}}
[debug] [2022-12-07T03:00:36.939Z] Validating nodejs source
[warn] !  functions: package.json indicates an outdated version of firebase-functions. Please upgrade using npm install --save firebase-functions@latest in your functions directory. 
[warn] !  functions: Please note that there will be breaking changes when you upgrade. 
[debug] [2022-12-07T03:00:41.088Z] > [functions] package.json contents: {
  "name": "functions",
  "description": "Cloud Functions for Firebase",
  "scripts": {
    "serve": "firebase emulators:start --only functions",
    "shell": "firebase functions:shell",
    "start": "npm run shell",
    "deploy": "firebase deploy --only functions",
    "logs": "firebase functions:log"
  },
  "engines": {
    "node": "16"
  },
  "main": "index.js",
  "dependencies": {
    "firebase-admin": "^10.0.2",
    "firebase-functions": "^3.18.0"
  },
  "devDependencies": {
    "firebase-functions-test": "^0.2.0"
  },
  "private": true
}
[debug] [2022-12-07T03:00:41.088Z] Building nodejs source
[debug] [2022-12-07T03:00:41.088Z] Analyzing nodejs backend spec
[debug] [2022-12-07T03:00:41.089Z] Could not find functions.yaml. Must use http discovery
[debug] [2022-12-07T03:00:41.439Z] Serving at port 9005

[debug] [2022-12-07T03:00:41.558Z] Got response from /__/functions.yaml Failed to generate manifest from function source: ReferenceError: get is not defined
[debug] [2022-12-07T03:00:41.561Z] Failed to parse functions.yamlincomplete explicit mapping pair; a key node is missed; or followed by a non-tabulated empty line at line 1, column 65:
     ...  function source: ReferenceError: get is not defined
                                         ^ {"name":"YAMLException","reason":"incomplete explicit mapping pair; a key node is missed; or followed by a non-tabulated empty line","mark":{"name":null,"buffer":"Failed to generate manifest from function source: ReferenceError: get is not defined\n\u0000","position":64,"line":0,"column":64},"message":"incomplete explicit mapping pair; a key node is missed; or followed by a non-tabulated empty line at line 1, column 65:\n     ...  function source: ReferenceError: get is not defined\n                                         ^"}
[debug] [2022-12-07T03:00:41.570Z] shutdown requested via /__/quitquitquit

[error] !!  functions: Failed to load function definition from source: FirebaseError: Failed to load function definition from source: Failed to generate manifest from function source: ReferenceError: get is not defined {"metadata":{"emulator":{"name":"functions"},"message":"Failed to load function definition from source: FirebaseError: Failed to load function definition from source: Failed to generate manifest from function source: ReferenceError: get is not defined"}}
