[debug] [2022-12-11T21:43:52.462Z] ----------------------------------------------------------------------
[debug] [2022-12-11T21:43:52.465Z] Command:       C:\Program Files\nodejs\node.exe C:\Users\Ømega\AppData\Roaming\npm\node_modules\firebase-tools\lib\bin\firebase.js serve
[debug] [2022-12-11T21:43:52.466Z] CLI Version:   11.16.1
[debug] [2022-12-11T21:43:52.466Z] Platform:      win32
[debug] [2022-12-11T21:43:52.466Z] Node Version:  v16.16.0
[debug] [2022-12-11T21:43:52.468Z] Time:          Sun Dec 11 2022 15:43:52 GMT-0600 (hora estándar central)
[debug] [2022-12-11T21:43:52.468Z] ----------------------------------------------------------------------
[debug] 
[debug] [2022-12-11T21:43:52.618Z] > command requires scopes: ["email","openid","https://www.googleapis.com/auth/cloudplatformprojects.readonly","https://www.googleapis.com/auth/firebase","https://www.googleapis.com/auth/cloud-platform"]
[debug] [2022-12-11T21:43:52.618Z] > authorizing via signed-in user (labandadellol@gmail.com)
[debug] [2022-12-11T21:43:52.619Z] [iam] checking project agora-592b0 for permissions ["firebase.projects.get"]
[debug] [2022-12-11T21:43:52.621Z] >>> [apiv2][query] POST https://cloudresourcemanager.googleapis.com/v1/projects/agora-592b0:testIamPermissions [none]
[debug] [2022-12-11T21:43:52.622Z] >>> [apiv2][(partial)header] POST https://cloudresourcemanager.googleapis.com/v1/projects/agora-592b0:testIamPermissions x-goog-quota-user=projects/agora-592b0
[debug] [2022-12-11T21:43:52.622Z] >>> [apiv2][body] POST https://cloudresourcemanager.googleapis.com/v1/projects/agora-592b0:testIamPermissions {"permissions":["firebase.projects.get"]}
[debug] [2022-12-11T21:43:52.913Z] <<< [apiv2][status] POST https://cloudresourcemanager.googleapis.com/v1/projects/agora-592b0:testIamPermissions 200
[debug] [2022-12-11T21:43:52.913Z] <<< [apiv2][body] POST https://cloudresourcemanager.googleapis.com/v1/projects/agora-592b0:testIamPermissions {"permissions":["firebase.projects.get"]}
[debug] [2022-12-11T21:43:52.914Z] >>> [apiv2][query] GET https://firebase.googleapis.com/v1beta1/projects/agora-592b0 [none]
[debug] [2022-12-11T21:43:53.174Z] <<< [apiv2][status] GET https://firebase.googleapis.com/v1beta1/projects/agora-592b0 200
[debug] [2022-12-11T21:43:53.174Z] <<< [apiv2][body] GET https://firebase.googleapis.com/v1beta1/projects/agora-592b0 {"projectId":"agora-592b0","projectNumber":"71096488029","displayName":"agora","name":"projects/agora-592b0","resources":{"hostingSite":"agora-592b0","storageBucket":"agora-592b0.appspot.com","locationId":"us-central"},"state":"ACTIVE","etag":"1_ae3e2175-54e2-45be-b9de-255d491c271e"}
[info] 
[info] === Serving from 'C:\Users\Ømega\Desktop\agora-project'...
[info] 
[info] +  functions: Using node@16 from host. {"metadata":{"emulator":{"name":"functions"},"message":"Using node@16 from host."}}
[debug] [2022-12-11T21:43:53.209Z] defaultcredentials: writing to file C:\Users\Ømega\AppData\Roaming\firebase\labandadellol_gmail_com_application_default_credentials.json
[debug] [2022-12-11T21:43:53.211Z] Setting GAC to C:\Users\Ømega\AppData\Roaming\firebase\labandadellol_gmail_com_application_default_credentials.json {"metadata":{"emulator":{"name":"functions"},"message":"Setting GAC to C:\\Users\\Ømega\\AppData\\Roaming\\firebase\\labandadellol_gmail_com_application_default_credentials.json"}}
[debug] [2022-12-11T21:43:53.212Z] >>> [apiv2][query] GET https://firebase.googleapis.com/v1beta1/projects/agora-592b0/adminSdkConfig [none]
[debug] [2022-12-11T21:43:53.474Z] <<< [apiv2][status] GET https://firebase.googleapis.com/v1beta1/projects/agora-592b0/adminSdkConfig 200
[debug] [2022-12-11T21:43:53.474Z] <<< [apiv2][body] GET https://firebase.googleapis.com/v1beta1/projects/agora-592b0/adminSdkConfig {"projectId":"agora-592b0","storageBucket":"agora-592b0.appspot.com","locationId":"us-central"}
[info] i  functions: Watching "C:\Users\Ømega\Desktop\agora-project\functions" for Cloud Functions... {"metadata":{"emulator":{"name":"functions"},"message":"Watching \"C:\\Users\\Ømega\\Desktop\\agora-project\\functions\" for Cloud Functions..."}}
[debug] [2022-12-11T21:43:53.503Z] Validating nodejs source
[warn] !  functions: package.json indicates an outdated version of firebase-functions. Please upgrade using npm install --save firebase-functions@latest in your functions directory. 
[warn] !  functions: Please note that there will be breaking changes when you upgrade. 
[debug] [2022-12-11T21:43:57.308Z] > [functions] package.json contents: {
  "name": "functions",
  "description": "Cloud Functions for Firebase",
  "scripts": {
    "serve": "firebase emulators:start --only functions",
    "shell": "firebase functions:shell",
    "start": "npm run shell",
    "deploy": "firebase deploy --only functions",
    "logs": "firebase functions:log"
  },
  "engines": {
    "node": "16"
  },
  "main": "index.js",
  "dependencies": {
    "firebase-admin": "^10.0.2",
    "firebase-functions": "^3.18.0"
  },
  "devDependencies": {
    "firebase-functions-test": "^0.2.0"
  },
  "private": true
}
[debug] [2022-12-11T21:43:57.308Z] Building nodejs source
[debug] [2022-12-11T21:43:57.309Z] Analyzing nodejs backend spec
[debug] [2022-12-11T21:43:57.311Z] Could not find functions.yaml. Must use http discovery
[debug] [2022-12-11T21:43:57.635Z] Serving at port 9005

[debug] [2022-12-11T21:43:57.808Z] Got response from /__/functions.yaml {"endpoints":{"app":{"platform":"gcfv1","httpsTrigger":{},"entryPoint":"app"}},"specVersion":"v1alpha1","requiredAPIs":[]}
[debug] [2022-12-11T21:43:57.820Z] shutdown requested via /__/quitquitquit

[info] +  functions: Loaded functions definitions from source: app. {"metadata":{"emulator":{"name":"functions"},"message":"Loaded functions definitions from source: app."}}
[info] +  functions[us-central1-app]: http function initialized (http://localhost:5000/agora-592b0/us-central1/app). {"metadata":{"emulator":{"name":"functions"},"message":"\u001b[1mhttp\u001b[22m function initialized (http://localhost:5000/agora-592b0/us-central1/app)."}}
[debug] [2022-12-11T21:44:06.163Z] [work-queue] {"queueLength":1,"workRunningCount":0}
[debug] [2022-12-11T21:44:06.163Z] [work-queue] {"queueLength":0,"workRunningCount":1}
[debug] [2022-12-11T21:44:06.163Z] Accepted request POST /agora-592b0/us-central1/app/pedidos --> us-central1-app
[debug] [2022-12-11T21:44:06.168Z] [functions] Runtime ready! Sending request! {"metadata":{"emulator":{"name":"functions"},"message":"[functions] Runtime ready! Sending request!"}}
[debug] [2022-12-11T21:44:06.169Z] [functions] Got req.url=/agora-592b0/us-central1/app/pedidos, mapping to path=/pedidos {"metadata":{"emulator":{"name":"functions"},"message":"[functions] Got req.url=/agora-592b0/us-central1/app/pedidos, mapping to path=/pedidos"}}
[debug] [2022-12-11T21:44:06.178Z] [worker-pool] addWorker(us-central1-app) {"metadata":{"emulator":{"name":"functions"},"message":"[worker-pool] addWorker(us-central1-app)"}}
[debug] [2022-12-11T21:44:06.179Z] [worker-pool] Adding worker with key us-central1-app, total=1 {"metadata":{"emulator":{"name":"functions"},"message":"[worker-pool] Adding worker with key us-central1-app, total=1"}}
[debug] [2022-12-11T21:44:08.199Z] [runtime-status] [9892] Resolved module firebase-admin {"declared":true,"installed":true,"version":"10.3.0","resolution":"C:\\Users\\Ømega\\Desktop\\agora-project\\functions\\node_modules\\firebase-admin\\lib\\index.js"} {"metadata":{"emulator":{"name":"functions"},"function":{"name":"us-central1-app"},"extension":{},"message":"[runtime-status] [9892] Resolved module firebase-admin {\"declared\":true,\"installed\":true,\"version\":\"10.3.0\",\"resolution\":\"C:\\\\Users\\\\Ømega\\\\Desktop\\\\agora-project\\\\functions\\\\node_modules\\\\firebase-admin\\\\lib\\\\index.js\"}"}}
[debug] [2022-12-11T21:44:08.202Z] [runtime-status] [9892] Resolved module firebase-functions {"declared":true,"installed":true,"version":"3.24.1","resolution":"C:\\Users\\Ømega\\Desktop\\agora-project\\functions\\node_modules\\firebase-functions\\lib\\index.js"} {"metadata":{"emulator":{"name":"functions"},"function":{"name":"us-central1-app"},"extension":{},"message":"[runtime-status] [9892] Resolved module firebase-functions {\"declared\":true,\"installed\":true,\"version\":\"3.24.1\",\"resolution\":\"C:\\\\Users\\\\Ømega\\\\Desktop\\\\agora-project\\\\functions\\\\node_modules\\\\firebase-functions\\\\lib\\\\index.js\"}"}}
[debug] [2022-12-11T21:44:08.204Z] [runtime-status] [9892] Outgoing network have been stubbed. [{"name":"http","status":"mocked"},{"name":"http","status":"mocked"},{"name":"https","status":"mocked"},{"name":"https","status":"mocked"},{"name":"net","status":"mocked"}] {"metadata":{"emulator":{"name":"functions"},"function":{"name":"us-central1-app"},"extension":{},"message":"[runtime-status] [9892] Outgoing network have been stubbed. [{\"name\":\"http\",\"status\":\"mocked\"},{\"name\":\"http\",\"status\":\"mocked\"},{\"name\":\"https\",\"status\":\"mocked\"},{\"name\":\"https\",\"status\":\"mocked\"},{\"name\":\"net\",\"status\":\"mocked\"}]"}}
[debug] [2022-12-11T21:44:08.205Z] [runtime-status] [9892] Resolved module firebase-functions {"declared":true,"installed":true,"version":"3.24.1","resolution":"C:\\Users\\Ømega\\Desktop\\agora-project\\functions\\node_modules\\firebase-functions\\lib\\index.js"} {"metadata":{"emulator":{"name":"functions"},"function":{"name":"us-central1-app"},"extension":{},"message":"[runtime-status] [9892] Resolved module firebase-functions {\"declared\":true,\"installed\":true,\"version\":\"3.24.1\",\"resolution\":\"C:\\\\Users\\\\Ømega\\\\Desktop\\\\agora-project\\\\functions\\\\node_modules\\\\firebase-functions\\\\lib\\\\index.js\"}"}}
[debug] [2022-12-11T21:44:08.285Z] [runtime-status] [9892] Checked functions.config() {"config":{}} {"metadata":{"emulator":{"name":"functions"},"function":{"name":"us-central1-app"},"extension":{},"message":"[runtime-status] [9892] Checked functions.config() {\"config\":{}}"}}
[debug] [2022-12-11T21:44:08.285Z] [runtime-status] [9892] firebase-functions has been stubbed. {"functionsResolution":{"declared":true,"installed":true,"version":"3.24.1","resolution":"C:\\Users\\Ømega\\Desktop\\agora-project\\functions\\node_modules\\firebase-functions\\lib\\index.js"}} {"metadata":{"emulator":{"name":"functions"},"function":{"name":"us-central1-app"},"extension":{},"message":"[runtime-status] [9892] firebase-functions has been stubbed. {\"functionsResolution\":{\"declared\":true,\"installed\":true,\"version\":\"3.24.1\",\"resolution\":\"C:\\\\Users\\\\Ømega\\\\Desktop\\\\agora-project\\\\functions\\\\node_modules\\\\firebase-functions\\\\lib\\\\index.js\"}}"}}
[debug] [2022-12-11T21:44:08.286Z] [runtime-status] [9892] Resolved module firebase-functions {"declared":true,"installed":true,"version":"3.24.1","resolution":"C:\\Users\\Ømega\\Desktop\\agora-project\\functions\\node_modules\\firebase-functions\\lib\\index.js"} {"metadata":{"emulator":{"name":"functions"},"function":{"name":"us-central1-app"},"extension":{},"message":"[runtime-status] [9892] Resolved module firebase-functions {\"declared\":true,\"installed\":true,\"version\":\"3.24.1\",\"resolution\":\"C:\\\\Users\\\\Ømega\\\\Desktop\\\\agora-project\\\\functions\\\\node_modules\\\\firebase-functions\\\\lib\\\\index.js\"}"}}
[debug] [2022-12-11T21:44:08.288Z] [runtime-status] [9892] Resolved module firebase-admin {"declared":true,"installed":true,"version":"10.3.0","resolution":"C:\\Users\\Ømega\\Desktop\\agora-project\\functions\\node_modules\\firebase-admin\\lib\\index.js"} {"metadata":{"emulator":{"name":"functions"},"function":{"name":"us-central1-app"},"extension":{},"message":"[runtime-status] [9892] Resolved module firebase-admin {\"declared\":true,\"installed\":true,\"version\":\"10.3.0\",\"resolution\":\"C:\\\\Users\\\\Ømega\\\\Desktop\\\\agora-project\\\\functions\\\\node_modules\\\\firebase-admin\\\\lib\\\\index.js\"}"}}
[debug] [2022-12-11T21:44:08.289Z] [runtime-status] [9892] Resolved module firebase-functions {"declared":true,"installed":true,"version":"3.24.1","resolution":"C:\\Users\\Ømega\\Desktop\\agora-project\\functions\\node_modules\\firebase-functions\\lib\\index.js"} {"metadata":{"emulator":{"name":"functions"},"function":{"name":"us-central1-app"},"extension":{},"message":"[runtime-status] [9892] Resolved module firebase-functions {\"declared\":true,\"installed\":true,\"version\":\"3.24.1\",\"resolution\":\"C:\\\\Users\\\\Ømega\\\\Desktop\\\\agora-project\\\\functions\\\\node_modules\\\\firebase-functions\\\\lib\\\\index.js\"}"}}
[debug] [2022-12-11T21:44:08.290Z] [runtime-status] [9892] firebase-admin has been stubbed. {"adminResolution":{"declared":true,"installed":true,"version":"10.3.0","resolution":"C:\\Users\\Ømega\\Desktop\\agora-project\\functions\\node_modules\\firebase-admin\\lib\\index.js"}} {"metadata":{"emulator":{"name":"functions"},"function":{"name":"us-central1-app"},"extension":{},"message":"[runtime-status] [9892] firebase-admin has been stubbed. {\"adminResolution\":{\"declared\":true,\"installed\":true,\"version\":\"10.3.0\",\"resolution\":\"C:\\\\Users\\\\Ømega\\\\Desktop\\\\agora-project\\\\functions\\\\node_modules\\\\firebase-admin\\\\lib\\\\index.js\"}}"}}
[debug] [2022-12-11T21:44:08.535Z] [runtime-status] [9892] Functions runtime initialized. {"cwd":"C:\\Users\\Ømega\\Desktop\\agora-project\\functions","node_version":"16.16.0"} {"metadata":{"emulator":{"name":"functions"},"function":{"name":"us-central1-app"},"extension":{},"message":"[runtime-status] [9892] Functions runtime initialized. {\"cwd\":\"C:\\\\Users\\\\Ømega\\\\Desktop\\\\agora-project\\\\functions\",\"node_version\":\"16.16.0\"}"}}
[debug] [2022-12-11T21:44:08.535Z] [runtime-status] [9892] Listening to port: \\?\pipe\fire_emu_2cbfb0611f7a6532 {"metadata":{"emulator":{"name":"functions"},"function":{"name":"us-central1-app"},"extension":{},"message":"[runtime-status] [9892] Listening to port: \\\\?\\pipe\\fire_emu_2cbfb0611f7a6532"}}
[debug] [2022-12-11T21:44:08.602Z] [worker-us-central1-app-d8e431ce-c0b9-4b05-b2d5-b266af7f526f]: IDLE {"metadata":{"emulator":{"name":"functions"},"message":"[worker-us-central1-app-d8e431ce-c0b9-4b05-b2d5-b266af7f526f]: IDLE"}}
[debug] [2022-12-11T21:44:08.603Z] [worker-pool] submitRequest(triggerId=us-central1-app) {"metadata":{"emulator":{"name":"functions"},"message":"[worker-pool] submitRequest(triggerId=us-central1-app)"}}
[debug] [2022-12-11T21:44:08.603Z] [worker-us-central1-app-d8e431ce-c0b9-4b05-b2d5-b266af7f526f]: BUSY {"metadata":{"emulator":{"name":"functions"},"message":"[worker-us-central1-app-d8e431ce-c0b9-4b05-b2d5-b266af7f526f]: BUSY"}}
[info] i  functions: Beginning execution of "app" {"metadata":{"emulator":{"name":"functions"},"function":{"name":"us-central1-app"},"extension":{},"message":"Beginning execution of \"app\""}}
[debug] [2022-12-11T21:44:08.631Z] [worker-us-central1-app-d8e431ce-c0b9-4b05-b2d5-b266af7f526f]: IDLE {"metadata":{"emulator":{"name":"functions"},"message":"[worker-us-central1-app-d8e431ce-c0b9-4b05-b2d5-b266af7f526f]: IDLE"}}
[debug] [2022-12-11T21:44:08.632Z] [work-queue] {"queueLength":0,"workRunningCount":0}
[info] i  functions: Finished "app" in 7.3709ms {"metadata":{"emulator":{"name":"functions"},"function":{"name":"us-central1-app"},"extension":{},"message":"Finished \"app\" in 7.3709ms"}}
[debug] [2022-12-11T21:45:32.039Z] File C:\Users\Ømega\Desktop\agora-project\functions\js\reg.js changed, reloading triggers {"metadata":{"emulator":{"name":"functions"},"message":"File C:\\Users\\Ømega\\Desktop\\agora-project\\functions\\js\\reg.js changed, reloading triggers"}}
[debug] [2022-12-11T21:45:33.048Z] Validating nodejs source
[warn] !  functions: package.json indicates an outdated version of firebase-functions. Please upgrade using npm install --save firebase-functions@latest in your functions directory. 
[warn] !  functions: Please note that there will be breaking changes when you upgrade. 
[debug] [2022-12-11T21:45:37.301Z] > [functions] package.json contents: {
  "name": "functions",
  "description": "Cloud Functions for Firebase",
  "scripts": {
    "serve": "firebase emulators:start --only functions",
    "shell": "firebase functions:shell",
    "start": "npm run shell",
    "deploy": "firebase deploy --only functions",
    "logs": "firebase functions:log"
  },
  "engines": {
    "node": "16"
  },
  "main": "index.js",
  "dependencies": {
    "firebase-admin": "^10.0.2",
    "firebase-functions": "^3.18.0"
  },
  "devDependencies": {
    "firebase-functions-test": "^0.2.0"
  },
  "private": true
}
[debug] [2022-12-11T21:45:37.301Z] Building nodejs source
[debug] [2022-12-11T21:45:37.302Z] Analyzing nodejs backend spec
[debug] [2022-12-11T21:45:37.302Z] Could not find functions.yaml. Must use http discovery
[debug] [2022-12-11T21:45:37.652Z] Serving at port 9005

[debug] [2022-12-11T21:45:37.858Z] Got response from /__/functions.yaml {"endpoints":{"app":{"platform":"gcfv1","httpsTrigger":{},"entryPoint":"app"}},"specVersion":"v1alpha1","requiredAPIs":[]}
[debug] [2022-12-11T21:45:37.867Z] shutdown requested via /__/quitquitquit

[info] +  functions: Loaded functions definitions from source: app. {"metadata":{"emulator":{"name":"functions"},"message":"Loaded functions definitions from source: app."}}
[debug] [2022-12-11T21:45:37.885Z] [worker-pool] Shutting down IDLE worker (us-central1-app) {"metadata":{"emulator":{"name":"functions"},"message":"[worker-pool] Shutting down IDLE worker (us-central1-app)"}}
[debug] [2022-12-11T21:45:37.885Z] [worker-us-central1-app-d8e431ce-c0b9-4b05-b2d5-b266af7f526f]: FINISHING {"metadata":{"emulator":{"name":"functions"},"message":"[worker-us-central1-app-d8e431ce-c0b9-4b05-b2d5-b266af7f526f]: FINISHING"}}
[debug] [2022-12-11T21:45:37.896Z] [worker-us-central1-app-d8e431ce-c0b9-4b05-b2d5-b266af7f526f]: exited {"metadata":{"emulator":{"name":"functions"},"message":"[worker-us-central1-app-d8e431ce-c0b9-4b05-b2d5-b266af7f526f]: exited"}}
[debug] [2022-12-11T21:45:37.896Z] [worker-us-central1-app-d8e431ce-c0b9-4b05-b2d5-b266af7f526f]: FINISHED {"metadata":{"emulator":{"name":"functions"},"message":"[worker-us-central1-app-d8e431ce-c0b9-4b05-b2d5-b266af7f526f]: FINISHED"}}
